<?xml version="1.0" encoding="UTF-8"?>
<!-- Generated by org.testng.reporters.JUnitReportReporter -->
<testsuite skipped="0" hostname="Amit-PC" name="Jira.Api.Utility.Base" tests="1" failures="0" timestamp="13 Oct 2018 06:06:55 GMT" time="4.199" errors="0">
  <testcase name="getsessionid" time="4.199" classname="Jira.Api.Utility.Base"/>
</testsuite> <!-- Jira.Api.Utility.Base -->
