<?xml version="1.0" encoding="UTF-8"?>
<!-- Generated by org.testng.reporters.JUnitReportReporter -->
<testsuite skipped="0" hostname="Amit-PC" name="API_Test_Cases.Create_Issue_With_Valid_Session_Id" tests="1" failures="0" timestamp="14 Oct 2018 11:13:40 GMT" time="9.083" errors="0">
  <testcase name="Delete_Created_Issue" time="9.083" classname="API_Test_Cases.Create_Issue_With_Valid_Session_Id"/>
</testsuite> <!-- API_Test_Cases.Create_Issue_With_Valid_Session_Id -->
